<?xml version="1.0" encoding="UTF-8"?>
<testng-results skipped="0" failed="0" ignored="0" total="3" passed="3">
  <reporter-output>
  </reporter-output>
  <suite name="Default suite" duration-ms="20052" started-at="2019-12-27T11:25:29Z" finished-at="2019-12-27T11:25:49Z">
    <groups>
    </groups>
    <test name="Default test" duration-ms="20052" started-at="2019-12-27T11:25:29Z" finished-at="2019-12-27T11:25:49Z">
      <class name="Admin_Home_Page">
        <test-method status="PASS" signature="beforeClass()[pri:0, instance:Admin_Home_Page@23ceabc1]" name="beforeClass" is-config="true" duration-ms="4224" started-at="2019-12-27T16:55:29Z" finished-at="2019-12-27T16:55:34Z">
          <reporter-output>
          </reporter-output>
        </test-method> <!-- beforeClass -->
        <test-method status="PASS" signature="test()[pri:1, instance:Admin_Home_Page@23ceabc1]" name="test" duration-ms="2033" started-at="2019-12-27T16:55:34Z" finished-at="2019-12-27T16:55:36Z">
          <reporter-output>
          </reporter-output>
        </test-method> <!-- test -->
        <test-method status="PASS" signature="personal()[pri:2, instance:Admin_Home_Page@23ceabc1]" name="personal" duration-ms="9050" started-at="2019-12-27T16:55:36Z" finished-at="2019-12-27T16:55:45Z">
          <reporter-output>
          </reporter-output>
        </test-method> <!-- personal -->
        <test-method status="PASS" signature="payment()[pri:3, instance:Admin_Home_Page@23ceabc1]" name="payment" duration-ms="4708" started-at="2019-12-27T16:55:45Z" finished-at="2019-12-27T16:55:49Z">
          <reporter-output>
          </reporter-output>
        </test-method> <!-- payment -->
        <test-method status="PASS" signature="afterClass()[pri:0, instance:Admin_Home_Page@23ceabc1]" name="afterClass" is-config="true" duration-ms="0" started-at="2019-12-27T16:55:49Z" finished-at="2019-12-27T16:55:49Z">
          <reporter-output>
          </reporter-output>
        </test-method> <!-- afterClass -->
      </class> <!-- Admin_Home_Page -->
    </test> <!-- Default test -->
  </suite> <!-- Default suite -->
</testng-results>
